c:\users\graham\documents\dev\sdl\sdlsandbox\sdlsandbox\debug\vc120.pdb
c:\users\graham\documents\dev\sdl\sdlsandbox\sdlsandbox\debug\vc120.idb
c:\users\graham\documents\dev\sdl\sdlsandbox\sdlsandbox\debug\playerassets.obj
c:\users\graham\documents\dev\sdl\sdlsandbox\sdlsandbox\debug\character.obj
c:\users\graham\documents\dev\sdl\sdlsandbox\sdlsandbox\debug\draw.obj
c:\users\graham\documents\dev\sdl\sdlsandbox\sdlsandbox\debug\automotan.obj
c:\users\graham\documents\dev\sdl\sdlsandbox\sdlsandbox\debug\game.obj
c:\users\graham\documents\dev\sdl\sdlsandbox\sdlsandbox\debug\gameobject.obj
c:\users\graham\documents\dev\sdl\sdlsandbox\sdlsandbox\debug\main.obj
c:\users\graham\documents\dev\sdl\sdlsandbox\sdlsandbox\debug\physics.obj
c:\users\graham\documents\dev\sdl\sdlsandbox\sdlsandbox\debug\player.obj
c:\users\graham\documents\dev\sdl\sdlsandbox\sdlsandbox\debug\scout.obj
c:\users\graham\documents\dev\sdl\sdlsandbox\sdlsandbox\debug\scout_assets.obj
c:\users\graham\documents\dev\sdl\sdlsandbox\sdlsandbox\debug\sparkhud.obj
c:\users\graham\documents\dev\sdl\sdlsandbox\sdlsandbox\debug\sparkhud_assets.obj
c:\users\graham\documents\dev\sdl\sdlsandbox\sdlsandbox\debug\terrain.obj
c:\users\graham\documents\dev\sdl\sdlsandbox\sdlsandbox\debug\terrain_assets.obj
c:\users\graham\documents\dev\sdl\sdlsandbox\sdlsandbox\debug\text.obj
c:\users\graham\documents\dev\sdl\sdlsandbox\sdlsandbox\debug\texture.obj
c:\users\graham\documents\dev\sdl\sdlsandbox\sdlsandbox\debug\clock.obj
c:\users\graham\documents\dev\sdl\sdlsandbox\sdlsandbox\debug\unitcontrol.obj
c:\users\graham\documents\dev\sdl\sdlsandbox\sdlsandbox\debug\unitcontrol_assets.obj
c:\users\graham\documents\dev\sdl\sdlsandbox\sdlsandbox\debug\animation.obj
c:\users\graham\documents\dev\sdl\sdlsandbox\sdlsandbox\debug\global_assets.obj
c:\users\graham\documents\dev\sdl\sdlsandbox\sdlsandbox\debug\image.obj
c:\users\graham\documents\dev\sdl\sdlsandbox\sdlsandbox\debug\sprite.obj
c:\users\graham\documents\dev\sdl\sdlsandbox\debug\sdlsandbox.ilk
c:\users\graham\documents\dev\sdl\sdlsandbox\debug\sdlsandbox.exe
c:\users\graham\documents\dev\sdl\sdlsandbox\debug\sdlsandbox.pdb
c:\users\graham\documents\dev\sdl\sdlsandbox\sdlsandbox\debug\sdlsandbox.tlog\cl.command.1.tlog
c:\users\graham\documents\dev\sdl\sdlsandbox\sdlsandbox\debug\sdlsandbox.tlog\cl.read.1.tlog
c:\users\graham\documents\dev\sdl\sdlsandbox\sdlsandbox\debug\sdlsandbox.tlog\cl.write.1.tlog
c:\users\graham\documents\dev\sdl\sdlsandbox\sdlsandbox\debug\sdlsandbox.tlog\link.command.1.tlog
c:\users\graham\documents\dev\sdl\sdlsandbox\sdlsandbox\debug\sdlsandbox.tlog\link.read.1.tlog
c:\users\graham\documents\dev\sdl\sdlsandbox\sdlsandbox\debug\sdlsandbox.tlog\link.write.1.tlog
