Build started 10/12/2014 9:12:22 PM.
     1>Project "C:\Users\Graham\Documents\Dev\SDL\SDLSandbox\SDLSandbox\SDLSandbox.vcxproj" on node 2 (Rebuild target(s)).
     1>ClCompile:
         C:\Program Files (x86)\Microsoft Visual Studio 12.0\VC\bin\x86_amd64\CL.exe /c /I"C:\Users\Graham\Documents\Dev\SDL\SDL2-2.0.3\include" /I"C:\Users\Graham\Documents\Dev\SDL\SDL2_image-2.0.0\include" /Zi /nologo /W3 /WX- /sdl /Od /D _MBCS /Gm /EHsc /RTC1 /MD /GS /fp:precise /Zc:wchar_t /Zc:forScope /Fo"x64\Debug\\" /Fd"x64\Debug\vc120.pdb" /Gd /TP /errorReport:prompt Animation.cpp PlayerAssets.cpp Character.cpp draw.cpp Automotan.cpp Game.cpp GameObject.cpp main.cpp Physics.cpp Player.cpp Scout.cpp Scout_Assets.cpp SparkHUD.cpp SparkHUD_Assets.cpp Terrain.cpp Terrain_Assets.cpp Texture.cpp Clock.cpp UnitControl.cpp UnitControl_Assets.cpp
         UnitControl_Assets.cpp
         UnitControl.cpp
         Clock.cpp
         Texture.cpp
         Terrain_Assets.cpp
         Terrain.cpp
         SparkHUD_Assets.cpp
         SparkHUD.cpp
         Scout_Assets.cpp
         Scout.cpp
         Player.cpp
         Physics.cpp
         main.cpp
     1>main.cpp(19): warning C4244: 'argument' : conversion from 'time_t' to 'unsigned int', possible loss of data
         GameObject.cpp
         Game.cpp
         Automotan.cpp
         draw.cpp
         Character.cpp
         PlayerAssets.cpp
         Animation.cpp
         Generating Code...
       Link:
         C:\Program Files (x86)\Microsoft Visual Studio 12.0\VC\bin\x86_amd64\link.exe /ERRORREPORT:PROMPT /OUT:"C:\Users\Graham\Documents\Dev\SDL\SDLSandbox\x64\Debug\SDLSandbox.exe" /INCREMENTAL /NOLOGO /LIBPATH:"C:\Users\Graham\Documents\Dev\SDL\SDL2-2.0.3\lib\x64" /LIBPATH:"C:\Users\Graham\Documents\Dev\SDL\SDL2_image-2.0.0\lib\x64" SDL2main.lib SDL2.lib SDL2_image.lib /MANIFEST /MANIFESTUAC:"level='asInvoker' uiAccess='false'" /manifest:embed /DEBUG /PDB:"C:\Users\Graham\Documents\Dev\SDL\SDLSandbox\x64\Debug\SDLSandbox.pdb" /SUBSYSTEM:CONSOLE /TLBID:1 /DYNAMICBASE /NXCOMPAT /IMPLIB:"C:\Users\Graham\Documents\Dev\SDL\SDLSandbox\x64\Debug\SDLSandbox.lib" /MACHINE:X64 x64\Debug\Animation.obj
         x64\Debug\PlayerAssets.obj
         x64\Debug\Character.obj
         x64\Debug\draw.obj
         x64\Debug\Automotan.obj
         x64\Debug\Game.obj
         x64\Debug\GameObject.obj
         x64\Debug\main.obj
         x64\Debug\Physics.obj
         x64\Debug\Player.obj
         x64\Debug\Scout.obj
         x64\Debug\Scout_Assets.obj
         x64\Debug\SparkHUD.obj
         x64\Debug\SparkHUD_Assets.obj
         x64\Debug\Terrain.obj
         x64\Debug\Terrain_Assets.obj
         x64\Debug\Texture.obj
         x64\Debug\Clock.obj
         x64\Debug\UnitControl.obj
         x64\Debug\UnitControl_Assets.obj
         SDLSandbox.vcxproj -> C:\Users\Graham\Documents\Dev\SDL\SDLSandbox\x64\Debug\SDLSandbox.exe
     1>Done Building Project "C:\Users\Graham\Documents\Dev\SDL\SDLSandbox\SDLSandbox\SDLSandbox.vcxproj" (Rebuild target(s)).

Build succeeded.

Time Elapsed 00:00:07.10
